Arguments: 
  /data/data/com.termux/files/usr/bin/node /data/data/com.termux/files/usr/share/yarn/bin/yarn.js add react

PATH: 
  /data/data/com.termux/files/usr/bin:/data/data/com.termux/files/usr/bin/applets:/data/data/com.termux/files/usr/bin/texlive

Yarn version: 
  1.22.10

Node version: 
  14.15.4

Platform: 
  android arm64

Trace: 
  Error: EPERM: operation not permitted, symlink '../../../loose-envify/cli.js' -> '/storage/emulated/0/dev/x/node_modules/react/node_modules/.bin/loose-envify'

npm manifest: 
  {
    "name": "x",
    "version": "1.0.0",
    "description": "",
    "main": "index.js",
    "scripts": {
      "test": "echo \"Error: no test specified\" && exit 1"
    },
    "author": "",
    "license": "ISC"
  }

yarn manifest: 
  No manifest

Lockfile: 
  # THIS IS AN AUTOGENERATED FILE. DO NOT EDIT THIS FILE DIRECTLY.
  # yarn lockfile v1
